<?xml version="1.0" encoding="UTF-8"?>
<testng-results ignored="0" total="3" passed="3" failed="0" skipped="0">
  <reporter-output>
  </reporter-output>
  <suite started-at="2023-04-25T22:11:46 IST" name="Suite" finished-at="2023-04-25T22:11:46 IST" duration-ms="0">
    <groups>
    </groups>
  </suite> <!-- Suite -->
  <suite started-at="2023-04-25T22:11:44 IST" name="Suite B" finished-at="2023-04-25T22:11:46 IST" duration-ms="2012">
    <groups>
    </groups>
    <test started-at="2023-04-25T22:11:44 IST" name="Test B" finished-at="2023-04-25T22:11:46 IST" duration-ms="2012">
      <class name="suiteb.TestB">
        <test-method signature="testB()[pri:0, instance:suiteb.TestB@309e345f]" started-at="2023-04-25T22:11:44 IST" name="testB" finished-at="2023-04-25T22:11:46 IST" duration-ms="2003" status="PASS">
          <reporter-output>
          </reporter-output>
        </test-method> <!-- testB -->
      </class> <!-- suiteb.TestB -->
    </test> <!-- Test B -->
  </suite> <!-- Suite B -->
  <suite started-at="2023-04-25T22:11:42 IST" name="Suite A" finished-at="2023-04-25T22:11:44 IST" duration-ms="2064">
    <groups>
    </groups>
    <test started-at="2023-04-25T22:11:42 IST" name="Test AA" finished-at="2023-04-25T22:11:44 IST" duration-ms="2064">
      <class name="suitea.TestAA">
        <test-method signature="testAA()[pri:0, instance:suitea.TestAA@77167fb7]" started-at="2023-04-25T22:11:42 IST" name="testAA" finished-at="2023-04-25T22:11:44 IST" duration-ms="2024" status="PASS">
          <reporter-output>
          </reporter-output>
        </test-method> <!-- testAA -->
      </class> <!-- suitea.TestAA -->
    </test> <!-- Test AA -->
    <test started-at="2023-04-25T22:11:42 IST" name="Test A" finished-at="2023-04-25T22:11:44 IST" duration-ms="2064">
      <class name="suitea.TestA">
        <test-method signature="testA()[pri:0, instance:suitea.TestA@23f7d05d]" started-at="2023-04-25T22:11:42 IST" name="testA" finished-at="2023-04-25T22:11:44 IST" duration-ms="2024" status="PASS">
          <reporter-output>
          </reporter-output>
        </test-method> <!-- testA -->
      </class> <!-- suitea.TestA -->
    </test> <!-- Test A -->
  </suite> <!-- Suite A -->
</testng-results>
