<?xml version="1.0" encoding="UTF-8"?>
<!-- Generated by org.testng.reporters.JUnitXMLReporter -->
<testsuite ignored="0" hostname="Rashmi" failures="0" tests="5" name="Default test" time="0.096" errors="0" timestamp="2023-04-24T18:19:48 IST">
  <testcase classname="TestCases.CreateUser" name="createUser" time="0.027"/>
  <testcase classname="TestCases.CreateUser" name="createUser" time="0.001"/>
  <testcase classname="TestCases.CreateUser" name="createUser" time="0.003"/>
  <testcase classname="TestCases.CreateUser" name="deleteUser" time="0.001"/>
  <testcase classname="TestCases.CreateUser" name="deleteUser" time="0.001"/>
</testsuite> <!-- Default test -->
