<?xml version="1.0" encoding="UTF-8"?>
<!-- Generated by org.testng.reporters.JUnitXMLReporter -->
<testsuite ignored="0" hostname="Rashmi" failures="0" tests="5" name="Create User" time="0.033" errors="0" timestamp="2023-04-24T19:18:03 IST">
  <testcase classname="TestCases.CreateUser" name="createUser" time="0.011"/>
  <testcase classname="TestCases.CreateUser" name="createUser" time="0.001"/>
  <testcase classname="TestCases.CreateUser" name="createUser" time="0.001"/>
  <testcase classname="TestCases.CreateUser" name="deleteUser" time="0.001"/>
  <testcase classname="TestCases.CreateUser" name="deleteUser" time="0.001"/>
</testsuite> <!-- Create User -->
