<?xml version="1.0" encoding="UTF-8" ?>
<testsuite errors="0" failures="2" hostname="Rashmi" name="testcases.CustomProjectRunner" skipped="1" tests="8" time="0.135" timestamp="2023-04-20T11:03:48">
  <properties>
[...]
</properties>
  <testcase classname="testcases.LoginTest" name="loginTest[0]" time="0.008" />
  <testcase classname="testcases.LoginTest" name="loginTest[1]" time="0.001" />
  <testcase classname="testcases.LoginTest" name="loginTest[2]" time="0.0" />
  <testcase classname="testcases.LoginTest" name="loginTest[3]" time="0.0" />
  <testcase classname="testcases.ShopMobilePhoneTest" name="checkout" time="0.005">
    <skipped message="got: &lt;false&gt;, expected: is &lt;true&gt;" />
  </testcase>
  <testcase classname="testcases.ShopMobilePhoneTest" name="searchForMobile" time="0.001" />
  <testcase classname="testcases.ShopMobilePhoneTest" name="selectingMobile" time="0.0" />
  <testcase classname="testcases.Validations" name="validate" time="0.01">
    <failure message="expected:&lt;A[]&gt; but was:&lt;A[l]&gt;" type="junit.framework.AssertionFailedError">junit.framework.AssertionFailedError: expected:&lt;A[]&gt; but was:&lt;A[l]&gt;
	at testcases.Validations.validate(Validations.java:23)
	at java.base/jdk.internal.reflect.DirectMethodHandleAccessor.invoke(DirectMethodHandleAccessor.java:104)
</failure>
    <failure message="Had to be logged in but not logged in" type="junit.framework.AssertionFailedError">junit.framework.AssertionFailedError: Had to be logged in but not logged in
	at testcases.Validations.validate(Validations.java:48)
	at java.base/jdk.internal.reflect.DirectMethodHandleAccessor.invoke(DirectMethodHandleAccessor.java:104)
</failure>
  </testcase>
  <system-out><![CDATA[U1----P1----Mozilla
U2----P2----Chrome
U3----P3----Edge
U4----P4----Safari
Search for Mobile
Selecting Mobile
Start
Some error: expected:<A[]> but was:<A[l]>
End
Pass 4<12 the case
Pass 4<2 the case
Some error: Had to be logged in but not logged in
]]></system-out>
  <system-err><![CDATA[]]></system-err>
</testsuite>
