<?xml version="1.0" encoding="UTF-8"?>
<!-- Generated by org.testng.reporters.JUnitXMLReporter -->
<testsuite ignored="0" hostname="Rashmi" failures="2" tests="2" name="Test A" time="0.564" errors="0" timestamp="2023-08-16T19:22:47 IST">
  <testcase classname="suitea.TestA" name="testA" time="0.017">
    <failure type="java.lang.AssertionError" message="The following asserts failed:
	null,
	null,
	null">
      <![CDATA[java.lang.AssertionError: The following asserts failed:
null,
null,
null
at testbase.TestBase.failAndStopTest(TestBase.java:69)
at suitea.TestA.testA(TestA.java:26)
at java.base/java.util.ArrayList.forEach(ArrayList.java:1511)
... Removed 28 stack frames]]>
    </failure>
  </testcase> <!-- testA -->
  <testcase classname="suitea.TestA" name="testA" time="0.002">
    <failure type="java.lang.AssertionError" message="The following asserts failed:
	null,
	null,
	null">
      <![CDATA[java.lang.AssertionError: The following asserts failed:
null,
null,
null
at testbase.TestBase.failAndStopTest(TestBase.java:69)
at suitea.TestA.testA(TestA.java:26)
at java.base/java.util.ArrayList.forEach(ArrayList.java:1511)
... Removed 28 stack frames]]>
    </failure>
  </testcase> <!-- testA -->
</testsuite> <!-- Test A -->
