<?xml version="1.0" encoding="UTF-8"?>
<!-- Generated by org.testng.reporters.JUnitXMLReporter -->
<testsuite ignored="0" hostname="Rashmi" failures="0" tests="5" name="Create User" time="0.067" errors="0" timestamp="2023-05-23T20:15:23 IST">
  <testcase classname="TestCases.suiteA.CreateUser" name="createUser" time="0.016"/>
  <testcase classname="TestCases.suiteA.CreateUser" name="createUser" time="0.002"/>
  <testcase classname="TestCases.suiteA.CreateUser" name="createUser" time="0.001"/>
  <testcase classname="TestCases.suiteA.CreateUser" name="deleteUser" time="0.001"/>
  <testcase classname="TestCases.suiteA.CreateUser" name="deleteUser" time="0.002"/>
</testsuite> <!-- Create User -->
