<?xml version="1.0" encoding="UTF-8"?>
<testng-results ignored="0" total="4" passed="4" failed="0" skipped="0">
  <reporter-output>
  </reporter-output>
  <suite started-at="2023-04-25T22:16:31 IST" name="Suite B" finished-at="2023-04-25T22:16:33 IST" duration-ms="2047">
    <groups>
    </groups>
    <test started-at="2023-04-25T22:16:31 IST" name="Test BB" finished-at="2023-04-25T22:16:33 IST" duration-ms="2047">
      <class name="suiteb.TestBB">
        <test-method signature="testBB()[pri:0, instance:suiteb.TestBB@105fece7]" started-at="2023-04-25T22:16:31 IST" name="testBB" finished-at="2023-04-25T22:16:33 IST" duration-ms="2010" status="PASS">
          <reporter-output>
          </reporter-output>
        </test-method> <!-- testBB -->
      </class> <!-- suiteb.TestBB -->
    </test> <!-- Test BB -->
    <test started-at="2023-04-25T22:16:31 IST" name="Test B" finished-at="2023-04-25T22:16:33 IST" duration-ms="2047">
      <class name="suiteb.TestB">
        <test-method signature="testB()[pri:0, instance:suiteb.TestB@52e677af]" started-at="2023-04-25T22:16:31 IST" name="testB" finished-at="2023-04-25T22:16:33 IST" duration-ms="2010" status="PASS">
          <reporter-output>
          </reporter-output>
        </test-method> <!-- testB -->
      </class> <!-- suiteb.TestB -->
    </test> <!-- Test B -->
  </suite> <!-- Suite B -->
  <suite started-at="2023-04-25T22:16:31 IST" name="Suite A" finished-at="2023-04-25T22:16:33 IST" duration-ms="2047">
    <groups>
    </groups>
    <test started-at="2023-04-25T22:16:31 IST" name="Test AA" finished-at="2023-04-25T22:16:33 IST" duration-ms="2046">
      <class name="suitea.TestAA">
        <test-method signature="testAA()[pri:0, instance:suitea.TestAA@5ea434c8]" started-at="2023-04-25T22:16:31 IST" name="testAA" finished-at="2023-04-25T22:16:33 IST" duration-ms="2010" status="PASS">
          <reporter-output>
          </reporter-output>
        </test-method> <!-- testAA -->
      </class> <!-- suitea.TestAA -->
    </test> <!-- Test AA -->
    <test started-at="2023-04-25T22:16:31 IST" name="Test A" finished-at="2023-04-25T22:16:33 IST" duration-ms="2047">
      <class name="suitea.TestA">
        <test-method signature="testA()[pri:0, instance:suitea.TestA@564718df]" started-at="2023-04-25T22:16:31 IST" name="testA" finished-at="2023-04-25T22:16:33 IST" duration-ms="2009" status="PASS">
          <reporter-output>
          </reporter-output>
        </test-method> <!-- testA -->
      </class> <!-- suitea.TestA -->
    </test> <!-- Test A -->
  </suite> <!-- Suite A -->
</testng-results>
