<?xml version="1.0" encoding="UTF-8"?>
<testsuite xmlns:xsi="http://www.w3.org/2001/XMLSchema-instance" xsi:noNamespaceSchemaLocation="https://maven.apache.org/surefire/maven-surefire-plugin/xsd/surefire-test-report-3.0.xsd" version="3.0" name="TestSuite" time="2.505" tests="4" errors="0" skipped="0" failures="0">
  <properties>
[...]
</properties>
  <testcase name="testBB" classname="suiteb.TestBB" time="2.014"/>
  <testcase name="testB" classname="suiteb.TestB" time="2.017"/>
  <testcase name="testAA" classname="suitea.TestAA" time="2.017"/>
  <testcase name="testA" classname="suitea.TestA" time="2.017"/>
</testsuite>