<?xml version="1.0" encoding="UTF-8"?>
<!-- Generated by org.testng.reporters.JUnitXMLReporter -->
<testsuite ignored="0" hostname="Rashmi" failures="0" tests="3" name="Search Buy Phone" time="0.014" errors="0" timestamp="2023-05-23T20:15:24 IST">
  <testcase classname="TestCases.suiteB.SearchAndBuyPhone" name="search" time="0.002">
    <skipped/>
  </testcase> <!-- search -->
  <testcase classname="TestCases.suiteB.SearchAndBuyPhone" name="selectPhone" time="0.0">
    <skipped/>
  </testcase> <!-- selectPhone -->
  <testcase classname="TestCases.suiteB.SearchAndBuyPhone" name="checkout" time="0.0">
    <skipped/>
  </testcase> <!-- checkout -->
</testsuite> <!-- Search Buy Phone -->
