<?xml version="1.0" encoding="UTF-8"?>
<!-- Generated by org.testng.reporters.JUnitXMLReporter -->
<testsuite ignored="0" hostname="Rashmi" failures="0" tests="5" name="Create User" time="0.119" errors="0" timestamp="2023-04-25T21:14:30 IST">
  <testcase classname="TestCases.suiteA.CreateUser" name="createUser" time="0.024"/>
  <testcase classname="TestCases.suiteA.CreateUser" name="createUser" time="0.003"/>
  <testcase classname="TestCases.suiteA.CreateUser" name="createUser" time="0.002"/>
  <testcase classname="TestCases.suiteA.CreateUser" name="deleteUser" time="0.002"/>
  <testcase classname="TestCases.suiteA.CreateUser" name="deleteUser" time="0.002"/>
</testsuite> <!-- Create User -->
