<?xml version="1.0" encoding="UTF-8"?>
<testsuite xmlns:xsi="http://www.w3.org/2001/XMLSchema-instance" xsi:noNamespaceSchemaLocation="https://maven.apache.org/surefire/maven-surefire-plugin/xsd/surefire-test-report-3.0.xsd" version="3.0" name="TestSuite" time="0.868" tests="11" errors="0" skipped="3" failures="1">
  <properties>
[...]
</properties>
  <testcase name="search" classname="TestCases.suiteB.SearchAndBuyPhone" time="0">
    <skipped message="Skipped test"/>
    <system-out><![CDATA[[TestNG] [WARN] Ignoring duplicate listener : listener.MyTestNGListener
[TestNG] [WARN] Ignoring duplicate listener : listener.MyTestNGListener
Method / Test createUser
]]></system-out>
  </testcase>
  <testcase name="selectPhone" classname="TestCases.suiteB.SearchAndBuyPhone" time="0">
    <skipped message="Method SearchAndBuyPhone.selectPhone(org.testng.ITestContext)[pri:2, instance:TestCases.suiteB.SearchAndBuyPhone@75c072cb] depends on not successfully finished methods"/>
  </testcase>
  <testcase name="checkout" classname="TestCases.suiteB.SearchAndBuyPhone" time="0">
    <skipped message="Method SearchAndBuyPhone.checkout(org.testng.ITestContext)[pri:3, instance:TestCases.suiteB.SearchAndBuyPhone@75c072cb] depends on not successfully finished methods"/>
  </testcase>
  <testcase name="createUser" classname="TestCases.suiteA.CreateUser" time="0.008"/>
  <testcase name="createUser" classname="TestCases.suiteA.CreateUser" time="0.003"/>
  <testcase name="createUser" classname="TestCases.suiteA.CreateUser" time="0.004"/>
  <testcase name="deleteUser" classname="TestCases.suiteA.CreateUser" time="0.002"/>
  <testcase name="deleteUser" classname="TestCases.suiteA.CreateUser" time="0.003"/>
  <testcase name="doLogin" classname="TestCases.suiteA.LoginTest" time="0"/>
  <testcase name="logout" classname="TestCases.suiteA.LoginTest" time="0"/>
  <testcase name="validate" classname="TestCases.suiteB.ValidateUserRegistration" time="0.017">
    <failure message="The following asserts failed:&#10;	expected [XYZ] but found [ABC],&#10;	Error message did not expect to find [true] but found [false],&#10;	404: Error came up" type="java.lang.AssertionError"><![CDATA[java.lang.AssertionError: 
The following asserts failed:
	expected [XYZ] but found [ABC],
	Error message did not expect to find [true] but found [false],
	404: Error came up
	at TestCases.suiteB.ValidateUserRegistration.validate(ValidateUserRegistration.java:18)
]]></failure>
    <system-out><![CDATA[*********@AfterMethod*********
-------@AfterTest--------
Test Failed
validate
false
org.testng.TestRunner@58eba0ac
2
The following asserts failed:
	expected [XYZ] but found [ABC],
	Error message did not expect to find [true] but found [false],
	404: Error came up
]]></system-out>
  </testcase>
</testsuite>