<?xml version="1.0" encoding="UTF-8"?>
<!-- Generated by org.testng.reporters.JUnitXMLReporter -->
<testsuite ignored="0" hostname="Rashmi" failures="0" tests="5" name="Create User" time="0.062" errors="0" timestamp="2024-01-18T18:49:10 IST">
  <testcase classname="TestCases.suiteA.CreateUser" name="createUser" time="0.011"/>
  <testcase classname="TestCases.suiteA.CreateUser" name="createUser" time="0.0"/>
  <testcase classname="TestCases.suiteA.CreateUser" name="createUser" time="0.0"/>
  <testcase classname="TestCases.suiteA.CreateUser" name="deleteUser" time="0.0"/>
  <testcase classname="TestCases.suiteA.CreateUser" name="deleteUser" time="0.0"/>
</testsuite> <!-- Create User -->
