<?xml version="1.0" encoding="UTF-8"?>
<!-- Generated by org.testng.reporters.JUnitXMLReporter -->
<testsuite ignored="0" hostname="Rashmi" failures="1" tests="1" name="LoginTest" time="0.505" errors="0" timestamp="2023-04-27T20:24:47 IST">
  <testcase classname="testcases.LoginTest" name="login" time="0.014">
    <failure type="java.lang.AssertionError" message="Some error">
      <![CDATA[java.lang.AssertionError: Some error
at testcases.LoginTest.login(LoginTest.java:44)
at java.base/java.util.ArrayList.forEach(ArrayList.java:1511)
... Removed 26 stack frames]]>
    </failure>
  </testcase> <!-- login -->
</testsuite> <!-- LoginTest -->
