<?xml version="1.0" encoding="UTF-8"?>
<testng-results ignored="0" total="6" passed="6" failed="0" skipped="0">
  <reporter-output>
  </reporter-output>
  <suite started-at="2023-11-21T14:17:25 IST" name="Suite B" finished-at="2023-11-21T14:17:30 IST" duration-ms="5064">
    <groups>
    </groups>
    <test started-at="2023-11-21T14:17:25 IST" name="Test B1" finished-at="2023-11-21T14:17:30 IST" duration-ms="5064">
      <class name="suiteB.TestB1">
        <test-method signature="testB1()[pri:0, instance:suiteB.TestB1@43a0cee9]" started-at="2023-11-21T14:17:25 IST" name="testB1" finished-at="2023-11-21T14:17:30 IST" duration-ms="5016" status="PASS">
          <reporter-output>
          </reporter-output>
        </test-method> <!-- testB1 -->
      </class> <!-- suiteB.TestB1 -->
    </test> <!-- Test B1 -->
    <test started-at="2023-11-21T14:17:25 IST" name="Test B3" finished-at="2023-11-21T14:17:30 IST" duration-ms="5063">
      <class name="suiteB.TestB3">
        <test-method signature="testB3()[pri:0, instance:suiteB.TestB3@710726a3]" started-at="2023-11-21T14:17:25 IST" name="testB3" finished-at="2023-11-21T14:17:30 IST" duration-ms="5015" status="PASS">
          <reporter-output>
          </reporter-output>
        </test-method> <!-- testB3 -->
      </class> <!-- suiteB.TestB3 -->
    </test> <!-- Test B3 -->
    <test started-at="2023-11-21T14:17:25 IST" name="Test B2" finished-at="2023-11-21T14:17:30 IST" duration-ms="5064">
      <class name="suiteB.TestB2">
        <test-method signature="testB2()[pri:0, instance:suiteB.TestB2@67b467e9]" started-at="2023-11-21T14:17:25 IST" name="testB2" finished-at="2023-11-21T14:17:30 IST" duration-ms="5015" status="PASS">
          <reporter-output>
          </reporter-output>
        </test-method> <!-- testB2 -->
      </class> <!-- suiteB.TestB2 -->
    </test> <!-- Test B2 -->
  </suite> <!-- Suite B -->
  <suite started-at="2023-11-21T14:17:25 IST" name="Suite A" finished-at="2023-11-21T14:17:30 IST" duration-ms="5064">
    <groups>
    </groups>
    <test started-at="2023-11-21T14:17:25 IST" name="Test A1" finished-at="2023-11-21T14:17:30 IST" duration-ms="5064">
      <class name="suiteA.TestA1">
        <test-method signature="testA1()[pri:0, instance:suiteA.TestA1@59906517]" started-at="2023-11-21T14:17:25 IST" name="testA1" finished-at="2023-11-21T14:17:30 IST" duration-ms="5016" status="PASS">
          <reporter-output>
          </reporter-output>
        </test-method> <!-- testA1 -->
      </class> <!-- suiteA.TestA1 -->
    </test> <!-- Test A1 -->
    <test started-at="2023-11-21T14:17:25 IST" name="Test A3" finished-at="2023-11-21T14:17:30 IST" duration-ms="5063">
      <class name="suiteA.TestA3">
        <test-method signature="testA3()[pri:0, instance:suiteA.TestA3@150c158]" started-at="2023-11-21T14:17:25 IST" name="testA3" finished-at="2023-11-21T14:17:30 IST" duration-ms="5015" status="PASS">
          <reporter-output>
          </reporter-output>
        </test-method> <!-- testA3 -->
      </class> <!-- suiteA.TestA3 -->
    </test> <!-- Test A3 -->
    <test started-at="2023-11-21T14:17:25 IST" name="Test A2" finished-at="2023-11-21T14:17:30 IST" duration-ms="5063">
      <class name="suiteA.TestA2">
        <test-method signature="testA2()[pri:0, instance:suiteA.TestA2@64485a47]" started-at="2023-11-21T14:17:25 IST" name="testA2" finished-at="2023-11-21T14:17:30 IST" duration-ms="5016" status="PASS">
          <reporter-output>
          </reporter-output>
        </test-method> <!-- testA2 -->
      </class> <!-- suiteA.TestA2 -->
    </test> <!-- Test A2 -->
  </suite> <!-- Suite A -->
  <suite started-at="2023-11-21T14:17:30 IST" name="My Suite" finished-at="2023-11-21T14:17:30 IST" duration-ms="0">
    <groups>
    </groups>
  </suite> <!-- My Suite -->
</testng-results>
