<?xml version="1.0" encoding="UTF-8"?>
<testng-results ignored="0" total="1" passed="1" failed="0" skipped="0">
  <reporter-output>
  </reporter-output>
  <suite started-at="2023-08-29T19:13:51 IST" name="Default suite" finished-at="2023-08-29T19:14:29 IST" duration-ms="38348">
    <groups>
    </groups>
    <test started-at="2023-08-29T19:13:51 IST" name="Default test" finished-at="2023-08-29T19:14:29 IST" duration-ms="38348">
      <class name="suitea.SakraWorldTest">
        <test-method is-config="true" signature="init(org.testng.ITestContext,org.testng.ITestResult)[pri:0, instance:suitea.SakraWorldTest@52e6fdee]" started-at="2023-08-29T19:13:51 IST" name="init" finished-at="2023-08-29T19:13:51 IST" duration-ms="257" status="PASS">
          <params>
            <param index="0">
              <value>
                <![CDATA[org.testng.TestRunner@345cbf40]]>
              </value>
            </param>
            <param index="1">
              <value>
                <![CDATA[[TestResult name={null} status=CREATED method=SakraWorldTest.appointmentTest()[pri:0, instance:suitea.SakraWorldTest@52e6fdee] output={null}]]]>
              </value>
            </param>
          </params>
          <reporter-output>
          </reporter-output>
        </test-method> <!-- init -->
        <test-method signature="appointmentTest()[pri:0, instance:suitea.SakraWorldTest@52e6fdee]" started-at="2023-08-29T19:13:51 IST" name="appointmentTest" finished-at="2023-08-29T19:14:28 IST" duration-ms="37082" status="PASS">
          <reporter-output>
          </reporter-output>
        </test-method> <!-- appointmentTest -->
        <test-method is-config="true" signature="quit()[pri:0, instance:suitea.SakraWorldTest@52e6fdee]" started-at="2023-08-29T19:14:28 IST" name="quit" finished-at="2023-08-29T19:14:29 IST" duration-ms="965" status="PASS">
          <reporter-output>
          </reporter-output>
        </test-method> <!-- quit -->
      </class> <!-- suitea.SakraWorldTest -->
    </test> <!-- Default test -->
  </suite> <!-- Default suite -->
</testng-results>
